<?xml version="1.0" encoding="UTF-8"?>
<testsuite name="com.ddd_bootcamp.service.CartServiceTest" tests="4" skipped="0" failures="0" errors="0" timestamp="2024-11-22T04:24:17" hostname="Unmeshs-MacBook-Pro.local" time="0.059">
  <properties/>
  <testcase name="shouldAddItemToCart()" classname="com.ddd_bootcamp.service.CartServiceTest" time="0.031"/>
  <testcase name="shouldCheckOutCart()" classname="com.ddd_bootcamp.service.CartServiceTest" time="0.012"/>
  <testcase name="shouldReconstructCartStateFromEvents()" classname="com.ddd_bootcamp.service.CartServiceTest" time="0.009"/>
  <testcase name="shouldRemoveItemFromCart()" classname="com.ddd_bootcamp.service.CartServiceTest" time="0.006"/>
  <system-out><![CDATA[09:54:17.484 [kafka-producer-network-thread | producer-1] DEBUG org.apache.kafka.clients.NetworkClient -- [Producer clientId=producer-1] Give up sending metadata request since no node is available
09:54:17.491 [kafka-coordinator-heartbeat-thread | test-group] DEBUG org.apache.kafka.clients.NetworkClient -- [Consumer clientId=consumer-test-group-1, groupId=test-group] Give up sending metadata request since no node is available
09:54:17.491 [kafka-coordinator-heartbeat-thread | test-group] DEBUG org.apache.kafka.clients.consumer.internals.ConsumerCoordinator -- [Consumer clientId=consumer-test-group-1, groupId=test-group] No broker available to send FindCoordinator request
09:54:17.491 [Thread-8] DEBUG org.apache.kafka.clients.NetworkClient -- [Consumer clientId=consumer-test-group-1, groupId=test-group] Give up sending metadata request since no node is available
09:54:17.491 [Thread-8] DEBUG org.apache.kafka.clients.consumer.internals.ConsumerCoordinator -- [Consumer clientId=consumer-test-group-1, groupId=test-group] No broker available to send FindCoordinator request
09:54:17.492 [Thread-8] DEBUG org.apache.kafka.clients.NetworkClient -- [Consumer clientId=consumer-test-group-1, groupId=test-group] Give up sending metadata request since no node is available
09:54:17.492 [Thread-8] DEBUG org.apache.kafka.clients.consumer.internals.ConsumerCoordinator -- [Consumer clientId=consumer-test-group-1, groupId=test-group] Coordinator discovery failed, refreshing metadata
org.apache.kafka.clients.consumer.internals.NoAvailableBrokersException: null
09:54:17.492 [Thread-8] DEBUG org.apache.kafka.clients.NetworkClient -- [Consumer clientId=consumer-test-group-1, groupId=test-group] Give up sending metadata request since no node is available
]]></system-out>
  <system-err><![CDATA[]]></system-err>
</testsuite>
